{"/Users/purvaarora/Documents/coding-challenge-fe-base/src/lib/adder.ts": {"path":"/Users/purvaarora/Documents/coding-challenge-fe-base/src/lib/adder.ts","statementMap":{"0":{"start":{"line":2,"column":2},"end":{"line":2,"column":20}}},"fnMap":{"0":{"name":"adder","decl":{"start":{"line":1,"column":24},"end":{"line":1,"column":29}},"loc":{"start":{"line":1,"column":66},"end":{"line":3,"column":1}},"line":1}},"branchMap":{},"s":{"0":3},"f":{"0":3},"b":{},"_coverageSchema":"1a1c01bbd47fc00a2c39e90264f33305004495a9","hash":"62dd3f9c400536a87c65df8b91271640391a34f5"}
}
